{"/Users/mac/Desktop/Historical_Years/src/App.tsx": {"path":"/Users/mac/Desktop/Historical_Years/src/App.tsx","statementMap":{"0":{"start":{"line":2,"column":0},"end":{"line":2,"column":54}},"1":{"start":{"line":3,"column":0},"end":{"line":3,"column":31}},"2":{"start":{"line":5,"column":22},"end":{"line":11,"column":1}},"3":{"start":{"line":6,"column":2},"end":{"line":10,"column":4}},"4":{"start":{"line":13,"column":0},"end":{"line":13,"column":19}}},"fnMap":{"0":{"name":"(anonymous_0)","decl":{"start":{"line":5,"column":22},"end":{"line":5,"column":25}},"loc":{"start":{"line":5,"column":27},"end":{"line":11,"column":1}}}},"branchMap":{},"s":{"0":0,"1":0,"2":0,"3":0,"4":0},"f":{"0":0},"b":{}}
,"/Users/mac/Desktop/Historical_Years/src/app/components/Modal/Modal.tsx": {"path":"/Users/mac/Desktop/Historical_Years/src/app/components/Modal/Modal.tsx","statementMap":{"0":{"start":{"line":30,"column":0},"end":{"line":30,"column":16}},"1":{"start":{"line":1,"column":0},"end":{"line":1,"column":62}},"2":{"start":{"line":2,"column":0},"end":{"line":2,"column":41}},"3":{"start":{"line":3,"column":0},"end":{"line":3,"column":52}},"4":{"start":{"line":4,"column":0},"end":{"line":4,"column":41}},"5":{"start":{"line":16,"column":28},"end":{"line":16,"column":31}},"6":{"start":{"line":18,"column":42},"end":{"line":21,"column":2}},"7":{"start":{"line":23,"column":62},"end":{"line":28,"column":2}},"8":{"start":{"line":39,"column":18},"end":{"line":39,"column":46}},"9":{"start":{"line":41,"column":22},"end":{"line":43,"column":29}},"10":{"start":{"line":42,"column":4},"end":{"line":42,"column":35}},"11":{"start":{"line":42,"column":23},"end":{"line":42,"column":35}},"12":{"start":{"line":45,"column":21},"end":{"line":47,"column":3}},"13":{"start":{"line":46,"column":4},"end":{"line":46,"column":53}},"14":{"start":{"line":49,"column":2},"end":{"line":62,"column":29}},"15":{"start":{"line":50,"column":4},"end":{"line":50,"column":25}},"16":{"start":{"line":50,"column":18},"end":{"line":50,"column":25}},"17":{"start":{"line":53,"column":6},"end":{"line":53,"column":45}},"18":{"start":{"line":53,"column":31},"end":{"line":53,"column":45}},"19":{"start":{"line":56,"column":4},"end":{"line":56,"column":60}},"20":{"start":{"line":57,"column":4},"end":{"line":57,"column":56}},"21":{"start":{"line":58,"column":4},"end":{"line":61,"column":6}},"22":{"start":{"line":59,"column":6},"end":{"line":59,"column":61}},"23":{"start":{"line":60,"column":6},"end":{"line":60,"column":19}},"24":{"start":{"line":64,"column":2},"end":{"line":102,"column":4}},"25":{"start":{"line":73,"column":8},"end":{"line":97,"column":null}}},"fnMap":{"0":{"name":"Modal","decl":{"start":{"line":30,"column":16},"end":{"line":30,"column":21}},"loc":{"start":{"line":38,"column":13},"end":{"line":103,"column":1}}},"1":{"name":"(anonymous_2)","decl":{"start":{"line":41,"column":34},"end":{"line":41,"column":37}},"loc":{"start":{"line":41,"column":39},"end":{"line":43,"column":3}}},"2":{"name":"(anonymous_3)","decl":{"start":{"line":45,"column":21},"end":{"line":45,"column":24}},"loc":{"start":{"line":45,"column":26},"end":{"line":47,"column":3}}},"3":{"name":"(anonymous_4)","decl":{"start":{"line":49,"column":12},"end":{"line":49,"column":15}},"loc":{"start":{"line":49,"column":17},"end":{"line":62,"column":3}}},"4":{"name":"handleKeyDown","decl":{"start":{"line":52,"column":13},"end":{"line":52,"column":26}},"loc":{"start":{"line":52,"column":43},"end":{"line":54,"column":5}}},"5":{"name":"(anonymous_6)","decl":{"start":{"line":58,"column":11},"end":{"line":58,"column":14}},"loc":{"start":{"line":58,"column":16},"end":{"line":61,"column":5}}},"6":{"name":"(anonymous_7)","decl":{"start":{"line":72,"column":7},"end":{"line":72,"column":8}},"loc":{"start":{"line":73,"column":8},"end":{"line":97,"column":null}}}},"branchMap":{"0":{"loc":{"start":{"line":34,"column":2},"end":{"line":34,"column":13}},"type":"default-arg","locations":[{"start":{"line":34,"column":9},"end":{"line":34,"column":13}}]},"1":{"loc":{"start":{"line":42,"column":4},"end":{"line":42,"column":35}},"type":"if","locations":[{"start":{"line":42,"column":4},"end":{"line":42,"column":35}},{"start":{},"end":{}}]},"2":{"loc":{"start":{"line":42,"column":23},"end":{"line":42,"column":34}},"type":"cond-expr","locations":[{"start":{"line":42,"column":30},"end":{"line":42,"column":34}},{"start":{"line":42,"column":23},"end":{"line":42,"column":34}}]},"3":{"loc":{"start":{"line":42,"column":23},"end":{"line":42,"column":34}},"type":"binary-expr","locations":[{"start":{"line":42,"column":23},"end":{"line":42,"column":34}},{"start":{"line":42,"column":23},"end":{"line":42,"column":34}}]},"4":{"loc":{"start":{"line":50,"column":4},"end":{"line":50,"column":25}},"type":"if","locations":[{"start":{"line":50,"column":4},"end":{"line":50,"column":25}},{"start":{},"end":{}}]},"5":{"loc":{"start":{"line":53,"column":6},"end":{"line":53,"column":45}},"type":"if","locations":[{"start":{"line":53,"column":6},"end":{"line":53,"column":45}},{"start":{},"end":{}}]},"6":{"loc":{"start":{"line":83,"column":21},"end":{"line":83,"column":68}},"type":"cond-expr","locations":[{"start":{"line":83,"column":45},"end":{"line":83,"column":54}},{"start":{"line":83,"column":57},"end":{"line":83,"column":68}}]},"7":{"loc":{"start":{"line":87,"column":13},"end":{"line":90,"column":null}},"type":"binary-expr","locations":[{"start":{"line":87,"column":13},"end":{"line":87,"column":26}},{"start":{"line":88,"column":14},"end":{"line":88,"column":null}}]},"8":{"loc":{"start":{"line":94,"column":15},"end":{"line":94,"column":74}},"type":"binary-expr","locations":[{"start":{"line":94,"column":15},"end":{"line":94,"column":19}},{"start":{"line":94,"column":23},"end":{"line":94,"column":74}}]}},"s":{"0":1,"1":1,"2":1,"3":1,"4":1,"5":1,"6":1,"7":1,"8":4,"9":4,"10":1,"11":1,"12":4,"13":3,"14":4,"15":4,"16":1,"17":0,"18":0,"19":3,"20":3,"21":3,"22":3,"23":3,"24":4,"25":3},"f":{"0":4,"1":1,"2":3,"3":4,"4":0,"5":3,"6":3},"b":{"0":[4],"1":[1,0],"2":[0,1],"3":[1,1],"4":[1,3],"5":[0,0],"6":[0,3],"7":[3,3],"8":[3,0]}}
,"/Users/mac/Desktop/Historical_Years/src/app/components/SectionTitle/SectionTitle.tsx": {"path":"/Users/mac/Desktop/Historical_Years/src/app/components/SectionTitle/SectionTitle.tsx","statementMap":{"0":{"start":{"line":2,"column":0},"end":{"line":2,"column":48}},"1":{"start":{"line":8,"column":50},"end":{"line":15,"column":1}},"2":{"start":{"line":9,"column":2},"end":{"line":14,"column":4}},"3":{"start":{"line":17,"column":0},"end":{"line":17,"column":28}}},"fnMap":{"0":{"name":"(anonymous_1)","decl":{"start":{"line":8,"column":50},"end":{"line":8,"column":51}},"loc":{"start":{"line":8,"column":64},"end":{"line":15,"column":1}}}},"branchMap":{},"s":{"0":1,"1":1,"2":3,"3":1},"f":{"0":3},"b":{}}
,"/Users/mac/Desktop/Historical_Years/src/app/components/SwiperTimeLine/SwiperTimeline.tsx": {"path":"/Users/mac/Desktop/Historical_Years/src/app/components/SwiperTimeLine/SwiperTimeline.tsx","statementMap":{"0":{"start":{"line":1,"column":0},"end":{"line":1,"column":72}},"1":{"start":{"line":2,"column":0},"end":{"line":2,"column":51}},"2":{"start":{"line":3,"column":0},"end":{"line":3,"column":21}},"3":{"start":{"line":4,"column":0},"end":{"line":4,"column":32}},"4":{"start":{"line":5,"column":0},"end":{"line":5,"column":32}},"5":{"start":{"line":7,"column":0},"end":{"line":7,"column":61}},"6":{"start":{"line":8,"column":0},"end":{"line":8,"column":50}},"7":{"start":{"line":9,"column":0},"end":{"line":9,"column":55}},"8":{"start":{"line":10,"column":0},"end":{"line":10,"column":64}},"9":{"start":{"line":22,"column":54},"end":{"line":183,"column":1}},"10":{"start":{"line":23,"column":40},"end":{"line":23,"column":51}},"11":{"start":{"line":24,"column":20},"end":{"line":24,"column":37}},"12":{"start":{"line":25,"column":21},"end":{"line":25,"column":56}},"13":{"start":{"line":26,"column":18},"end":{"line":26,"column":46}},"14":{"start":{"line":27,"column":18},"end":{"line":27,"column":46}},"15":{"start":{"line":29,"column":44},"end":{"line":29,"column":59}},"16":{"start":{"line":30,"column":46},"end":{"line":30,"column":61}},"17":{"start":{"line":32,"column":42},"end":{"line":32,"column":57}},"18":{"start":{"line":33,"column":44},"end":{"line":33,"column":97}},"19":{"start":{"line":35,"column":26},"end":{"line":38,"column":3}},"20":{"start":{"line":36,"column":4},"end":{"line":36,"column":25}},"21":{"start":{"line":37,"column":4},"end":{"line":37,"column":26}},"22":{"start":{"line":40,"column":25},"end":{"line":40,"column":46}},"23":{"start":{"line":42,"column":28},"end":{"line":45,"column":3}},"24":{"start":{"line":43,"column":4},"end":{"line":43,"column":26}},"25":{"start":{"line":44,"column":4},"end":{"line":44,"column":38}},"26":{"start":{"line":47,"column":24},"end":{"line":49,"column":3}},"27":{"start":{"line":48,"column":4},"end":{"line":48,"column":39}},"28":{"start":{"line":51,"column":22},"end":{"line":61,"column":8}},"29":{"start":{"line":52,"column":15},"end":{"line":52,"column":33}},"30":{"start":{"line":53,"column":4},"end":{"line":53,"column":20}},"31":{"start":{"line":53,"column":13},"end":{"line":53,"column":20}},"32":{"start":{"line":55,"column":4},"end":{"line":57,"column":5}},"33":{"start":{"line":56,"column":6},"end":{"line":56,"column":13}},"34":{"start":{"line":59,"column":4},"end":{"line":59,"column":40}},"35":{"start":{"line":60,"column":4},"end":{"line":60,"column":82}},"36":{"start":{"line":63,"column":24},"end":{"line":69,"column":3}},"37":{"start":{"line":64,"column":15},"end":{"line":64,"column":33}},"38":{"start":{"line":65,"column":4},"end":{"line":65,"column":20}},"39":{"start":{"line":65,"column":13},"end":{"line":65,"column":20}},"40":{"start":{"line":66,"column":17},"end":{"line":66,"column":69}},"41":{"start":{"line":67,"column":19},"end":{"line":67,"column":54}},"42":{"start":{"line":68,"column":4},"end":{"line":68,"column":54}},"43":{"start":{"line":71,"column":25},"end":{"line":78,"column":3}},"44":{"start":{"line":72,"column":4},"end":{"line":72,"column":35}},"45":{"start":{"line":72,"column":28},"end":{"line":72,"column":35}},"46":{"start":{"line":73,"column":4},"end":{"line":77,"column":5}},"47":{"start":{"line":74,"column":6},"end":{"line":74,"column":53}},"48":{"start":{"line":76,"column":6},"end":{"line":76,"column":36}},"49":{"start":{"line":80,"column":25},"end":{"line":87,"column":3}},"50":{"start":{"line":81,"column":4},"end":{"line":81,"column":35}},"51":{"start":{"line":81,"column":28},"end":{"line":81,"column":35}},"52":{"start":{"line":82,"column":4},"end":{"line":86,"column":5}},"53":{"start":{"line":83,"column":6},"end":{"line":83,"column":35}},"54":{"start":{"line":85,"column":6},"end":{"line":85,"column":36}},"55":{"start":{"line":89,"column":2},"end":{"line":107,"column":33}},"56":{"start":{"line":90,"column":18},"end":{"line":92,"column":11}},"57":{"start":{"line":91,"column":6},"end":{"line":91,"column":20}},"58":{"start":{"line":94,"column":15},"end":{"line":94,"column":33}},"59":{"start":{"line":95,"column":4},"end":{"line":97,"column":5}},"60":{"start":{"line":96,"column":6},"end":{"line":96,"column":39}},"61":{"start":{"line":96,"column":19},"end":{"line":96,"column":38}},"62":{"start":{"line":99,"column":4},"end":{"line":99,"column":47}},"63":{"start":{"line":100,"column":4},"end":{"line":100,"column":51}},"64":{"start":{"line":102,"column":4},"end":{"line":106,"column":6}},"65":{"start":{"line":103,"column":6},"end":{"line":103,"column":26}},"66":{"start":{"line":104,"column":6},"end":{"line":104,"column":52}},"67":{"start":{"line":105,"column":6},"end":{"line":105,"column":56}},"68":{"start":{"line":109,"column":2},"end":{"line":182,"column":4}},"69":{"start":{"line":117,"column":38},"end":{"line":117,"column":39}},"70":{"start":{"line":120,"column":38},"end":{"line":120,"column":52}},"71":{"start":{"line":140,"column":27},"end":{"line":140,"column":48}},"72":{"start":{"line":147,"column":27},"end":{"line":147,"column":49}},"73":{"start":{"line":155,"column":12},"end":{"line":155,"column":39}},"74":{"start":{"line":162,"column":12},"end":{"line":162,"column":null}},"75":{"start":{"line":173,"column":51},"end":{"line":173,"column":73}},"76":{"start":{"line":185,"column":0},"end":{"line":185,"column":30}}},"fnMap":{"0":{"name":"(anonymous_1)","decl":{"start":{"line":22,"column":54},"end":{"line":22,"column":55}},"loc":{"start":{"line":22,"column":71},"end":{"line":183,"column":1}}},"1":{"name":"(anonymous_2)","decl":{"start":{"line":35,"column":26},"end":{"line":35,"column":27}},"loc":{"start":{"line":35,"column":65},"end":{"line":38,"column":3}}},"2":{"name":"(anonymous_3)","decl":{"start":{"line":42,"column":28},"end":{"line":42,"column":29}},"loc":{"start":{"line":42,"column":46},"end":{"line":45,"column":3}}},"3":{"name":"(anonymous_4)","decl":{"start":{"line":47,"column":24},"end":{"line":47,"column":25}},"loc":{"start":{"line":47,"column":40},"end":{"line":49,"column":3}}},"4":{"name":"(anonymous_5)","decl":{"start":{"line":51,"column":34},"end":{"line":51,"column":37}},"loc":{"start":{"line":51,"column":39},"end":{"line":61,"column":3}}},"5":{"name":"(anonymous_6)","decl":{"start":{"line":63,"column":24},"end":{"line":63,"column":25}},"loc":{"start":{"line":63,"column":56},"end":{"line":69,"column":3}}},"6":{"name":"(anonymous_7)","decl":{"start":{"line":71,"column":25},"end":{"line":71,"column":28}},"loc":{"start":{"line":71,"column":30},"end":{"line":78,"column":3}}},"7":{"name":"(anonymous_8)","decl":{"start":{"line":80,"column":25},"end":{"line":80,"column":28}},"loc":{"start":{"line":80,"column":30},"end":{"line":87,"column":3}}},"8":{"name":"(anonymous_9)","decl":{"start":{"line":89,"column":12},"end":{"line":89,"column":15}},"loc":{"start":{"line":89,"column":17},"end":{"line":107,"column":3}}},"9":{"name":"(anonymous_10)","decl":{"start":{"line":90,"column":29},"end":{"line":90,"column":32}},"loc":{"start":{"line":90,"column":34},"end":{"line":92,"column":5}}},"10":{"name":"(anonymous_11)","decl":{"start":{"line":96,"column":13},"end":{"line":96,"column":16}},"loc":{"start":{"line":96,"column":19},"end":{"line":96,"column":38}}},"11":{"name":"(anonymous_12)","decl":{"start":{"line":102,"column":11},"end":{"line":102,"column":14}},"loc":{"start":{"line":102,"column":16},"end":{"line":106,"column":5}}},"12":{"name":"(anonymous_13)","decl":{"start":{"line":117,"column":28},"end":{"line":117,"column":29}},"loc":{"start":{"line":117,"column":38},"end":{"line":117,"column":39}}},"13":{"name":"(anonymous_14)","decl":{"start":{"line":120,"column":24},"end":{"line":120,"column":25}},"loc":{"start":{"line":120,"column":38},"end":{"line":120,"column":52}}},"14":{"name":"(anonymous_15)","decl":{"start":{"line":140,"column":21},"end":{"line":140,"column":24}},"loc":{"start":{"line":140,"column":27},"end":{"line":140,"column":48}}},"15":{"name":"(anonymous_16)","decl":{"start":{"line":147,"column":21},"end":{"line":147,"column":24}},"loc":{"start":{"line":147,"column":27},"end":{"line":147,"column":49}}},"16":{"name":"(anonymous_17)","decl":{"start":{"line":154,"column":20},"end":{"line":154,"column":21}},"loc":{"start":{"line":154,"column":31},"end":{"line":156,"column":11}}},"17":{"name":"(anonymous_18)","decl":{"start":{"line":161,"column":24},"end":{"line":161,"column":25}},"loc":{"start":{"line":162,"column":12},"end":{"line":162,"column":null}}},"18":{"name":"(anonymous_19)","decl":{"start":{"line":173,"column":45},"end":{"line":173,"column":48}},"loc":{"start":{"line":173,"column":51},"end":{"line":173,"column":73}}}},"branchMap":{"0":{"loc":{"start":{"line":44,"column":4},"end":{"line":44,"column":37}},"type":"cond-expr","locations":[{"start":{"line":44,"column":21},"end":{"line":44,"column":23}},{"start":{"line":44,"column":21},"end":{"line":44,"column":37}}]},"1":{"loc":{"start":{"line":44,"column":4},"end":{"line":44,"column":23}},"type":"binary-expr","locations":[{"start":{"line":44,"column":4},"end":{"line":44,"column":23}},{"start":{"line":44,"column":21},"end":{"line":44,"column":23}}]},"2":{"loc":{"start":{"line":53,"column":4},"end":{"line":53,"column":20}},"type":"if","locations":[{"start":{"line":53,"column":4},"end":{"line":53,"column":20}},{"start":{},"end":{}}]},"3":{"loc":{"start":{"line":55,"column":4},"end":{"line":57,"column":5}},"type":"if","locations":[{"start":{"line":55,"column":4},"end":{"line":57,"column":5}},{"start":{},"end":{}}]},"4":{"loc":{"start":{"line":55,"column":8},"end":{"line":55,"column":52}},"type":"binary-expr","locations":[{"start":{"line":55,"column":8},"end":{"line":55,"column":28}},{"start":{"line":55,"column":32},"end":{"line":55,"column":52}}]},"5":{"loc":{"start":{"line":65,"column":4},"end":{"line":65,"column":20}},"type":"if","locations":[{"start":{"line":65,"column":4},"end":{"line":65,"column":20}},{"start":{},"end":{}}]},"6":{"loc":{"start":{"line":66,"column":17},"end":{"line":66,"column":69}},"type":"cond-expr","locations":[{"start":{"line":66,"column":44},"end":{"line":66,"column":63}},{"start":{"line":66,"column":66},"end":{"line":66,"column":69}}]},"7":{"loc":{"start":{"line":67,"column":19},"end":{"line":67,"column":54}},"type":"cond-expr","locations":[{"start":{"line":67,"column":42},"end":{"line":67,"column":47}},{"start":{"line":67,"column":50},"end":{"line":67,"column":54}}]},"8":{"loc":{"start":{"line":72,"column":4},"end":{"line":72,"column":35}},"type":"if","locations":[{"start":{"line":72,"column":4},"end":{"line":72,"column":35}},{"start":{},"end":{}}]},"9":{"loc":{"start":{"line":73,"column":4},"end":{"line":77,"column":5}},"type":"if","locations":[{"start":{"line":73,"column":4},"end":{"line":77,"column":5}},{"start":{"line":75,"column":11},"end":{"line":77,"column":5}}]},"10":{"loc":{"start":{"line":81,"column":4},"end":{"line":81,"column":35}},"type":"if","locations":[{"start":{"line":81,"column":4},"end":{"line":81,"column":35}},{"start":{},"end":{}}]},"11":{"loc":{"start":{"line":82,"column":4},"end":{"line":86,"column":5}},"type":"if","locations":[{"start":{"line":82,"column":4},"end":{"line":86,"column":5}},{"start":{"line":84,"column":11},"end":{"line":86,"column":5}}]},"12":{"loc":{"start":{"line":95,"column":4},"end":{"line":97,"column":5}},"type":"if","locations":[{"start":{"line":95,"column":4},"end":{"line":97,"column":5}},{"start":{},"end":{}}]},"13":{"loc":{"start":{"line":136,"column":9},"end":{"line":141,"column":null}},"type":"binary-expr","locations":[{"start":{"line":136,"column":9},"end":{"line":136,"column":22}},{"start":{"line":137,"column":10},"end":{"line":140,"column":null}}]},"14":{"loc":{"start":{"line":143,"column":9},"end":{"line":148,"column":null}},"type":"binary-expr","locations":[{"start":{"line":143,"column":9},"end":{"line":143,"column":23}},{"start":{"line":144,"column":10},"end":{"line":147,"column":null}}]},"15":{"loc":{"start":{"line":174,"column":9},"end":{"line":178,"column":null}},"type":"binary-expr","locations":[{"start":{"line":174,"column":9},"end":{"line":174,"column":22}},{"start":{"line":175,"column":10},"end":{"line":177,"column":null}}]}},"s":{"0":0,"1":0,"2":0,"3":0,"4":0,"5":0,"6":0,"7":0,"8":0,"9":0,"10":0,"11":0,"12":0,"13":0,"14":0,"15":0,"16":0,"17":0,"18":0,"19":0,"20":0,"21":0,"22":0,"23":0,"24":0,"25":0,"26":0,"27":0,"28":0,"29":0,"30":0,"31":0,"32":0,"33":0,"34":0,"35":0,"36":0,"37":0,"38":0,"39":0,"40":0,"41":0,"42":0,"43":0,"44":0,"45":0,"46":0,"47":0,"48":0,"49":0,"50":0,"51":0,"52":0,"53":0,"54":0,"55":0,"56":0,"57":0,"58":0,"59":0,"60":0,"61":0,"62":0,"63":0,"64":0,"65":0,"66":0,"67":0,"68":0,"69":0,"70":0,"71":0,"72":0,"73":0,"74":0,"75":0,"76":0},"f":{"0":0,"1":0,"2":0,"3":0,"4":0,"5":0,"6":0,"7":0,"8":0,"9":0,"10":0,"11":0,"12":0,"13":0,"14":0,"15":0,"16":0,"17":0,"18":0},"b":{"0":[0,0],"1":[0,0],"2":[0,0],"3":[0,0],"4":[0,0],"5":[0,0],"6":[0,0],"7":[0,0],"8":[0,0],"9":[0,0],"10":[0,0],"11":[0,0],"12":[0,0],"13":[0,0],"14":[0,0],"15":[0,0]}}
,"/Users/mac/Desktop/Historical_Years/src/app/components/SwiperTimeLine/SegmentContent/SegmentContent.tsx": {"path":"/Users/mac/Desktop/Historical_Years/src/app/components/SwiperTimeLine/SegmentContent/SegmentContent.tsx","statementMap":{"0":{"start":{"line":2,"column":0},"end":{"line":2,"column":50}},"1":{"start":{"line":3,"column":0},"end":{"line":3,"column":66}},"2":{"start":{"line":12,"column":40},"end":{"line":17,"column":null}},"3":{"start":{"line":13,"column":2},"end":{"line":16,"column":null}},"4":{"start":{"line":15,"column":6},"end":{"line":15,"column":34}},"5":{"start":{"line":15,"column":79},"end":{"line":15,"column":90}},"6":{"start":{"line":20,"column":0},"end":{"line":20,"column":30}}},"fnMap":{"0":{"name":"(anonymous_1)","decl":{"start":{"line":12,"column":40},"end":{"line":12,"column":41}},"loc":{"start":{"line":13,"column":2},"end":{"line":16,"column":null}}},"1":{"name":"(anonymous_2)","decl":{"start":{"line":14,"column":16},"end":{"line":14,"column":17}},"loc":{"start":{"line":15,"column":6},"end":{"line":15,"column":34}}},"2":{"name":"(anonymous_3)","decl":{"start":{"line":15,"column":73},"end":{"line":15,"column":76}},"loc":{"start":{"line":15,"column":79},"end":{"line":15,"column":90}}}},"branchMap":{"0":{"loc":{"start":{"line":13,"column":44},"end":{"line":13,"column":70}},"type":"cond-expr","locations":[{"start":{"line":13,"column":53},"end":{"line":13,"column":63}},{"start":{"line":13,"column":66},"end":{"line":13,"column":70}}]}},"s":{"0":0,"1":0,"2":0,"3":0,"4":0,"5":0,"6":0},"f":{"0":0,"1":0,"2":0},"b":{"0":[0,0]}}
,"/Users/mac/Desktop/Historical_Years/src/app/components/Timeline/TimelineItem.tsx": {"path":"/Users/mac/Desktop/Historical_Years/src/app/components/Timeline/TimelineItem.tsx","statementMap":{"0":{"start":{"line":2,"column":0},"end":{"line":2,"column":48}},"1":{"start":{"line":10,"column":50},"end":{"line":17,"column":1}},"2":{"start":{"line":11,"column":2},"end":{"line":16,"column":4}},"3":{"start":{"line":19,"column":0},"end":{"line":19,"column":28}}},"fnMap":{"0":{"name":"(anonymous_1)","decl":{"start":{"line":10,"column":50},"end":{"line":10,"column":51}},"loc":{"start":{"line":10,"column":78},"end":{"line":17,"column":1}}}},"branchMap":{},"s":{"0":0,"1":0,"2":0,"3":0},"f":{"0":0},"b":{}}
,"/Users/mac/Desktop/Historical_Years/src/app/components/ToggleTheme/ToggleTheme.tsx": {"path":"/Users/mac/Desktop/Historical_Years/src/app/components/ToggleTheme/ToggleTheme.tsx","statementMap":{"0":{"start":{"line":2,"column":0},"end":{"line":2,"column":47}},"1":{"start":{"line":9,"column":37},"end":{"line":20,"column":1}},"2":{"start":{"line":10,"column":23},"end":{"line":12,"column":3}},"3":{"start":{"line":11,"column":4},"end":{"line":11,"column":18}},"4":{"start":{"line":14,"column":2},"end":{"line":19,"column":4}},"5":{"start":{"line":22,"column":0},"end":{"line":22,"column":27}}},"fnMap":{"0":{"name":"(anonymous_1)","decl":{"start":{"line":9,"column":37},"end":{"line":9,"column":38}},"loc":{"start":{"line":9,"column":64},"end":{"line":20,"column":1}}},"1":{"name":"(anonymous_2)","decl":{"start":{"line":10,"column":23},"end":{"line":10,"column":24}},"loc":{"start":{"line":10,"column":66},"end":{"line":12,"column":3}}}},"branchMap":{},"s":{"0":0,"1":0,"2":0,"3":0,"4":0,"5":0},"f":{"0":0,"1":0},"b":{}}
,"/Users/mac/Desktop/Historical_Years/src/app/components/YearCircle/YearCircle.tsx": {"path":"/Users/mac/Desktop/Historical_Years/src/app/components/YearCircle/YearCircle.tsx","statementMap":{"0":{"start":{"line":1,"column":0},"end":{"line":1,"column":59}},"1":{"start":{"line":2,"column":0},"end":{"line":2,"column":24}},"2":{"start":{"line":3,"column":0},"end":{"line":3,"column":46}},"3":{"start":{"line":12,"column":46},"end":{"line":139,"column":1}},"4":{"start":{"line":18,"column":20},"end":{"line":18,"column":48}},"5":{"start":{"line":19,"column":42},"end":{"line":19,"column":71}},"6":{"start":{"line":20,"column":18},"end":{"line":20,"column":46}},"7":{"start":{"line":21,"column":23},"end":{"line":21,"column":51}},"8":{"start":{"line":22,"column":30},"end":{"line":22,"column":47}},"9":{"start":{"line":23,"column":40},"end":{"line":23,"column":51}},"10":{"start":{"line":25,"column":2},"end":{"line":43,"column":15}},"11":{"start":{"line":26,"column":25},"end":{"line":39,"column":5}},"12":{"start":{"line":27,"column":6},"end":{"line":27,"column":37}},"13":{"start":{"line":27,"column":30},"end":{"line":27,"column":37}},"14":{"start":{"line":28,"column":20},"end":{"line":28,"column":49}},"15":{"start":{"line":29,"column":6},"end":{"line":29,"column":25}},"16":{"start":{"line":29,"column":18},"end":{"line":29,"column":25}},"17":{"start":{"line":30,"column":26},"end":{"line":30,"column":35}},"18":{"start":{"line":31,"column":24},"end":{"line":31,"column":42}},"19":{"start":{"line":32,"column":6},"end":{"line":38,"column":7}},"20":{"start":{"line":33,"column":8},"end":{"line":33,"column":29}},"21":{"start":{"line":34,"column":8},"end":{"line":36,"column":11}},"22":{"start":{"line":35,"column":10},"end":{"line":35,"column":68}},"23":{"start":{"line":35,"column":21},"end":{"line":35,"column":68}},"24":{"start":{"line":37,"column":8},"end":{"line":37,"column":43}},"25":{"start":{"line":37,"column":33},"end":{"line":37,"column":41}},"26":{"start":{"line":40,"column":4},"end":{"line":40,"column":19}},"27":{"start":{"line":41,"column":4},"end":{"line":41,"column":52}},"28":{"start":{"line":42,"column":4},"end":{"line":42,"column":68}},"29":{"start":{"line":42,"column":17},"end":{"line":42,"column":67}},"30":{"start":{"line":45,"column":2},"end":{"line":59,"column":34}},"31":{"start":{"line":46,"column":18},"end":{"line":46,"column":43}},"32":{"start":{"line":47,"column":4},"end":{"line":47,"column":29}},"33":{"start":{"line":47,"column":22},"end":{"line":47,"column":29}},"34":{"start":{"line":49,"column":18},"end":{"line":49,"column":46}},"35":{"start":{"line":51,"column":4},"end":{"line":58,"column":7}},"36":{"start":{"line":56,"column":8},"end":{"line":56,"column":75}},"37":{"start":{"line":61,"column":2},"end":{"line":87,"column":48}},"38":{"start":{"line":62,"column":4},"end":{"line":86,"column":7}},"39":{"start":{"line":63,"column":6},"end":{"line":63,"column":25}},"40":{"start":{"line":63,"column":18},"end":{"line":63,"column":25}},"41":{"start":{"line":65,"column":24},"end":{"line":65,"column":32}},"42":{"start":{"line":66,"column":23},"end":{"line":66,"column":47}},"43":{"start":{"line":67,"column":24},"end":{"line":67,"column":42}},"44":{"start":{"line":69,"column":19},"end":{"line":69,"column":50}},"45":{"start":{"line":70,"column":27},"end":{"line":70,"column":56}},"46":{"start":{"line":72,"column":6},"end":{"line":72,"column":50}},"47":{"start":{"line":74,"column":6},"end":{"line":79,"column":9}},"48":{"start":{"line":81,"column":6},"end":{"line":85,"column":9}},"49":{"start":{"line":89,"column":2},"end":{"line":138,"column":4}},"50":{"start":{"line":98,"column":26},"end":{"line":98,"column":50}},"51":{"start":{"line":100,"column":12},"end":{"line":133,"column":14}},"52":{"start":{"line":104,"column":18},"end":{"line":106,"column":19}},"53":{"start":{"line":105,"column":20},"end":{"line":105,"column":44}},"54":{"start":{"line":115,"column":36},"end":{"line":115,"column":54}},"55":{"start":{"line":116,"column":36},"end":{"line":116,"column":57}},"56":{"start":{"line":117,"column":31},"end":{"line":117,"column":54}},"57":{"start":{"line":121,"column":20},"end":{"line":121,"column":67}},"58":{"start":{"line":121,"column":33},"end":{"line":121,"column":67}},"59":{"start":{"line":141,"column":0},"end":{"line":141,"column":26}}},"fnMap":{"0":{"name":"(anonymous_1)","decl":{"start":{"line":12,"column":46},"end":{"line":12,"column":47}},"loc":{"start":{"line":17,"column":5},"end":{"line":139,"column":1}}},"1":{"name":"(anonymous_2)","decl":{"start":{"line":25,"column":12},"end":{"line":25,"column":15}},"loc":{"start":{"line":25,"column":17},"end":{"line":43,"column":3}}},"2":{"name":"(anonymous_3)","decl":{"start":{"line":26,"column":25},"end":{"line":26,"column":28}},"loc":{"start":{"line":26,"column":30},"end":{"line":39,"column":5}}},"3":{"name":"(anonymous_4)","decl":{"start":{"line":34,"column":32},"end":{"line":34,"column":33}},"loc":{"start":{"line":34,"column":42},"end":{"line":36,"column":9}}},"4":{"name":"(anonymous_5)","decl":{"start":{"line":37,"column":23},"end":{"line":37,"column":24}},"loc":{"start":{"line":37,"column":33},"end":{"line":37,"column":41}}},"5":{"name":"(anonymous_6)","decl":{"start":{"line":42,"column":11},"end":{"line":42,"column":14}},"loc":{"start":{"line":42,"column":17},"end":{"line":42,"column":67}}},"6":{"name":"(anonymous_7)","decl":{"start":{"line":45,"column":12},"end":{"line":45,"column":15}},"loc":{"start":{"line":45,"column":17},"end":{"line":59,"column":3}}},"7":{"name":"(anonymous_8)","decl":{"start":{"line":55,"column":16},"end":{"line":55,"column":19}},"loc":{"start":{"line":55,"column":21},"end":{"line":57,"column":7}}},"8":{"name":"(anonymous_9)","decl":{"start":{"line":61,"column":12},"end":{"line":61,"column":15}},"loc":{"start":{"line":61,"column":17},"end":{"line":87,"column":3}}},"9":{"name":"(anonymous_10)","decl":{"start":{"line":62,"column":28},"end":{"line":62,"column":29}},"loc":{"start":{"line":62,"column":41},"end":{"line":86,"column":5}}},"10":{"name":"(anonymous_11)","decl":{"start":{"line":97,"column":21},"end":{"line":97,"column":22}},"loc":{"start":{"line":97,"column":38},"end":{"line":134,"column":11}}},"11":{"name":"(anonymous_12)","decl":{"start":{"line":103,"column":21},"end":{"line":103,"column":22}},"loc":{"start":{"line":103,"column":28},"end":{"line":107,"column":17}}},"12":{"name":"(anonymous_13)","decl":{"start":{"line":115,"column":30},"end":{"line":115,"column":33}},"loc":{"start":{"line":115,"column":36},"end":{"line":115,"column":54}}},"13":{"name":"(anonymous_14)","decl":{"start":{"line":116,"column":30},"end":{"line":116,"column":33}},"loc":{"start":{"line":116,"column":36},"end":{"line":116,"column":57}}},"14":{"name":"(anonymous_15)","decl":{"start":{"line":117,"column":25},"end":{"line":117,"column":28}},"loc":{"start":{"line":117,"column":31},"end":{"line":117,"column":54}}},"15":{"name":"(anonymous_16)","decl":{"start":{"line":120,"column":23},"end":{"line":120,"column":24}},"loc":{"start":{"line":120,"column":35},"end":{"line":122,"column":19}}}},"branchMap":{"0":{"loc":{"start":{"line":27,"column":6},"end":{"line":27,"column":37}},"type":"if","locations":[{"start":{"line":27,"column":6},"end":{"line":27,"column":37}},{"start":{},"end":{}}]},"1":{"loc":{"start":{"line":29,"column":6},"end":{"line":29,"column":25}},"type":"if","locations":[{"start":{"line":29,"column":6},"end":{"line":29,"column":25}},{"start":{},"end":{}}]},"2":{"loc":{"start":{"line":32,"column":6},"end":{"line":38,"column":7}},"type":"if","locations":[{"start":{"line":32,"column":6},"end":{"line":38,"column":7}},{"start":{},"end":{}}]},"3":{"loc":{"start":{"line":35,"column":10},"end":{"line":35,"column":68}},"type":"if","locations":[{"start":{"line":35,"column":10},"end":{"line":35,"column":68}},{"start":{},"end":{}}]},"4":{"loc":{"start":{"line":47,"column":4},"end":{"line":47,"column":29}},"type":"if","locations":[{"start":{"line":47,"column":4},"end":{"line":47,"column":29}},{"start":{},"end":{}}]},"5":{"loc":{"start":{"line":56,"column":8},"end":{"line":56,"column":74}},"type":"cond-expr","locations":[{"start":{"line":56,"column":25},"end":{"line":56,"column":27}},{"start":{"line":56,"column":25},"end":{"line":56,"column":74}}]},"6":{"loc":{"start":{"line":56,"column":8},"end":{"line":56,"column":27}},"type":"binary-expr","locations":[{"start":{"line":56,"column":8},"end":{"line":56,"column":27}},{"start":{"line":56,"column":25},"end":{"line":56,"column":27}}]},"7":{"loc":{"start":{"line":63,"column":6},"end":{"line":63,"column":25}},"type":"if","locations":[{"start":{"line":63,"column":6},"end":{"line":63,"column":25}},{"start":{},"end":{}}]},"8":{"loc":{"start":{"line":69,"column":19},"end":{"line":69,"column":50}},"type":"cond-expr","locations":[{"start":{"line":69,"column":43},"end":{"line":69,"column":45}},{"start":{"line":69,"column":48},"end":{"line":69,"column":50}}]},"9":{"loc":{"start":{"line":69,"column":19},"end":{"line":69,"column":40}},"type":"binary-expr","locations":[{"start":{"line":69,"column":19},"end":{"line":69,"column":27}},{"start":{"line":69,"column":31},"end":{"line":69,"column":40}}]},"10":{"loc":{"start":{"line":70,"column":27},"end":{"line":70,"column":56}},"type":"cond-expr","locations":[{"start":{"line":70,"column":51},"end":{"line":70,"column":52}},{"start":{"line":70,"column":55},"end":{"line":70,"column":56}}]},"11":{"loc":{"start":{"line":70,"column":27},"end":{"line":70,"column":48}},"type":"binary-expr","locations":[{"start":{"line":70,"column":27},"end":{"line":70,"column":35}},{"start":{"line":70,"column":39},"end":{"line":70,"column":48}}]},"12":{"loc":{"start":{"line":104,"column":18},"end":{"line":106,"column":19}},"type":"if","locations":[{"start":{"line":104,"column":18},"end":{"line":106,"column":19}},{"start":{},"end":{}}]},"13":{"loc":{"start":{"line":121,"column":20},"end":{"line":121,"column":67}},"type":"if","locations":[{"start":{"line":121,"column":20},"end":{"line":121,"column":67}},{"start":{},"end":{}}]},"14":{"loc":{"start":{"line":129,"column":21},"end":{"line":129,"column":74}},"type":"cond-expr","locations":[{"start":{"line":129,"column":38},"end":{"line":129,"column":66}},{"start":{"line":129,"column":69},"end":{"line":129,"column":74}}]}},"s":{"0":1,"1":1,"2":1,"3":1,"4":5,"5":5,"6":5,"7":5,"8":5,"9":5,"10":5,"11":4,"12":4,"13":0,"14":4,"15":4,"16":4,"17":0,"18":0,"19":0,"20":0,"21":0,"22":0,"23":0,"24":0,"25":0,"26":4,"27":4,"28":4,"29":4,"30":5,"31":4,"32":4,"33":0,"34":4,"35":4,"36":9,"37":5,"38":5,"39":30,"40":0,"41":30,"42":30,"43":30,"44":30,"45":30,"46":30,"47":30,"48":30,"49":5,"50":30,"51":30,"52":60,"53":30,"54":1,"55":0,"56":1,"57":60,"58":30,"59":1},"f":{"0":5,"1":4,"2":4,"3":0,"4":0,"5":4,"6":4,"7":9,"8":5,"9":30,"10":30,"11":60,"12":1,"13":0,"14":1,"15":60},"b":{"0":[0,4],"1":[4,0],"2":[0,0],"3":[0,0],"4":[0,4],"5":[6,3],"6":[9,3],"7":[0,30],"8":[6,24],"9":[30,25],"10":[6,24],"11":[30,25],"12":[30,30],"13":[30,30],"14":[30,0]}}
,"/Users/mac/Desktop/Historical_Years/src/app/data/segmentsData.ts": {"path":"/Users/mac/Desktop/Historical_Years/src/app/data/segmentsData.ts","statementMap":{"0":{"start":{"line":1,"column":13},"end":{"line":148,"column":2}}},"fnMap":{},"branchMap":{},"s":{"0":0},"f":{},"b":{}}
,"/Users/mac/Desktop/Historical_Years/src/app/pages/HistoryPage.tsx": {"path":"/Users/mac/Desktop/Historical_Years/src/app/pages/HistoryPage.tsx","statementMap":{"0":{"start":{"line":1,"column":0},"end":{"line":1,"column":42}},"1":{"start":{"line":2,"column":0},"end":{"line":2,"column":52}},"2":{"start":{"line":3,"column":0},"end":{"line":3,"column":47}},"3":{"start":{"line":4,"column":0},"end":{"line":4,"column":70}},"4":{"start":{"line":5,"column":0},"end":{"line":5,"column":76}},"5":{"start":{"line":6,"column":0},"end":{"line":6,"column":54}},"6":{"start":{"line":7,"column":0},"end":{"line":7,"column":67}},"7":{"start":{"line":9,"column":27},"end":{"line":22,"column":1}},"8":{"start":{"line":10,"column":33},"end":{"line":10,"column":57}},"9":{"start":{"line":12,"column":2},"end":{"line":21,"column":4}},"10":{"start":{"line":9,"column":13},"end":{"line":9,"column":27}}},"fnMap":{"0":{"name":"(anonymous_1)","decl":{"start":{"line":9,"column":27},"end":{"line":9,"column":30}},"loc":{"start":{"line":9,"column":32},"end":{"line":22,"column":1}}}},"branchMap":{},"s":{"0":0,"1":0,"2":0,"3":0,"4":0,"5":0,"6":0,"7":0,"8":0,"9":0,"10":0},"f":{"0":0},"b":{}}
,"/Users/mac/Desktop/Historical_Years/src/context/ThemeContext.tsx": {"path":"/Users/mac/Desktop/Historical_Years/src/context/ThemeContext.tsx","statementMap":{"0":{"start":{"line":1,"column":0},"end":{"line":1,"column":59}},"1":{"start":{"line":3,"column":13},"end":{"line":6,"column":3}},"2":{"start":{"line":8,"column":29},"end":{"line":25,"column":1}},"3":{"start":{"line":9,"column":28},"end":{"line":9,"column":63}},"4":{"start":{"line":11,"column":2},"end":{"line":15,"column":9}},"5":{"start":{"line":12,"column":18},"end":{"line":12,"column":47}},"6":{"start":{"line":13,"column":4},"end":{"line":13,"column":43}},"7":{"start":{"line":13,"column":26},"end":{"line":13,"column":43}},"8":{"start":{"line":14,"column":4},"end":{"line":14,"column":74}},"9":{"start":{"line":17,"column":22},"end":{"line":22,"column":3}},"10":{"start":{"line":18,"column":17},"end":{"line":18,"column":53}},"11":{"start":{"line":19,"column":4},"end":{"line":19,"column":19}},"12":{"start":{"line":20,"column":4},"end":{"line":20,"column":40}},"13":{"start":{"line":21,"column":4},"end":{"line":21,"column":62}},"14":{"start":{"line":24,"column":2},"end":{"line":24,"column":98}},"15":{"start":{"line":8,"column":13},"end":{"line":8,"column":29}}},"fnMap":{"0":{"name":"(anonymous_0)","decl":{"start":{"line":5,"column":15},"end":{"line":5,"column":18}},"loc":{"start":{"line":5,"column":20},"end":{"line":5,"column":23}}},"1":{"name":"(anonymous_1)","decl":{"start":{"line":8,"column":29},"end":{"line":8,"column":30}},"loc":{"start":{"line":8,"column":77},"end":{"line":25,"column":1}}},"2":{"name":"(anonymous_2)","decl":{"start":{"line":11,"column":12},"end":{"line":11,"column":15}},"loc":{"start":{"line":11,"column":17},"end":{"line":15,"column":3}}},"3":{"name":"(anonymous_3)","decl":{"start":{"line":17,"column":22},"end":{"line":17,"column":25}},"loc":{"start":{"line":17,"column":27},"end":{"line":22,"column":3}}}},"branchMap":{"0":{"loc":{"start":{"line":13,"column":4},"end":{"line":13,"column":43}},"type":"if","locations":[{"start":{"line":13,"column":4},"end":{"line":13,"column":43}},{"start":{},"end":{}}]},"1":{"loc":{"start":{"line":14,"column":56},"end":{"line":14,"column":72}},"type":"binary-expr","locations":[{"start":{"line":14,"column":56},"end":{"line":14,"column":61}},{"start":{"line":14,"column":65},"end":{"line":14,"column":72}}]},"2":{"loc":{"start":{"line":18,"column":17},"end":{"line":18,"column":53}},"type":"cond-expr","locations":[{"start":{"line":18,"column":37},"end":{"line":18,"column":43}},{"start":{"line":18,"column":46},"end":{"line":18,"column":53}}]}},"s":{"0":0,"1":0,"2":0,"3":0,"4":0,"5":0,"6":0,"7":0,"8":0,"9":0,"10":0,"11":0,"12":0,"13":0,"14":0,"15":0},"f":{"0":0,"1":0,"2":0,"3":0},"b":{"0":[0,0],"1":[0,0],"2":[0,0]}}
}
